<?xml version="1.0" encoding="UTF-8"?>
<!-- Generated by org.testng.reporters.JUnitReportReporter -->
<testsuite hostname="LAPTOP-C2IN588P" failures="0" tests="2" name="testcases.LoginTest" time="8.930" errors="0" timestamp="2023-10-18T09:37:46 PDT" skipped="0">
  <testcase classname="testcases.LoginTest" name="VerifyLoginWithinValidCredentials" time="3.798"/>
  <testcase classname="testcases.LoginTest" name="VerifyLoginWithValidCredentials" time="5.132"/>
</testsuite> <!-- testcases.LoginTest -->
